<?xml version="1.0" encoding="UTF-8"?>
<!-- Generated by org.testng.reporters.JUnitReportReporter -->
<testsuite hostname="DESKTOP-TIUL47H" failures="0" tests="1" name="scripts.SSLExpired" time="58.260" errors="0" timestamp="2023-11-27T11:35:07 IST" skipped="0">
  <testcase classname="scripts.SSLExpired" name="clickAction" time="58.260"/>
</testsuite> <!-- scripts.SSLExpired -->
