<?xml version="1.0" encoding="UTF-8"?>
<!-- Generated by org.testng.reporters.JUnitReportReporter -->
<testsuite hostname="DESKTOP-TIUL47H" failures="0" tests="2" name="com.jtn.srcshot.ScreenshotProgram" time="0.891" errors="0" timestamp="2023-11-10T11:48:24 IST" skipped="0">
  <testcase classname="com.jtn.srcshot.ScreenshotProgram" name="takeFullShot" time="0.559"/>
  <system-out/>
  <testcase classname="com.jtn.srcshot.ScreenshotProgram" name="takeCustomShot" time="0.332"/>
  <system-out/>
</testsuite> <!-- com.jtn.srcshot.ScreenshotProgram -->
