<?xml version="1.0" encoding="UTF-8"?>
<!-- Generated by org.testng.reporters.JUnitReportReporter -->
<testsuite hostname="DESKTOP-TIUL47H" failures="0" tests="3" name="crossbrowser.Browsertest" time="42.964" errors="0" timestamp="2023-11-14T11:49:11 IST" skipped="0">
  <testcase classname="crossbrowser.Browsertest" name="url" time="19.644"/>
  <system-out/>
  <testcase classname="crossbrowser.Browsertest" name="url" time="6.697"/>
  <system-out/>
  <testcase classname="crossbrowser.Browsertest" name="url" time="16.623"/>
  <system-out/>
</testsuite> <!-- crossbrowser.Browsertest -->
